Using pre-set license
Built from '2022.3/staging' branch; Version is '2022.3.15f1 (b58023a2b463) revision 11894819'; Using compiler version '192829333'; Build Type 'Release'
OS: 'Windows 11  (10.0.22621) 64bit Professional' Language: 'uk' Physical Memory: 65277 MB
BatchMode: 1, IsHumanControllingUs: 0, StartBugReporterOnCrash: 0, Is64bit: 1, IsPro: 1

COMMAND LINE ARGUMENTS:
C:\Program Files\Unity\Hub\Editor\2022.3.15f1\Editor\Unity.exe
-adb2
-batchMode
-noUpm
-name
AssetImportWorker1
-projectPath
E:/Git_projects/TwistGame
-logFile
Logs/AssetImportWorker1.log
-srvPort
52226
Successfully changed project path to: E:/Git_projects/TwistGame
E:/Git_projects/TwistGame
[UnityMemory] Configuration Parameters - Can be set up in boot.config
    "memorysetup-bucket-allocator-granularity=16"
    "memorysetup-bucket-allocator-bucket-count=8"
    "memorysetup-bucket-allocator-block-size=33554432"
    "memorysetup-bucket-allocator-block-count=8"
    "memorysetup-main-allocator-block-size=16777216"
    "memorysetup-thread-allocator-block-size=16777216"
    "memorysetup-gfx-main-allocator-block-size=16777216"
    "memorysetup-gfx-thread-allocator-block-size=16777216"
    "memorysetup-cache-allocator-block-size=4194304"
    "memorysetup-typetree-allocator-block-size=2097152"
    "memorysetup-profiler-bucket-allocator-granularity=16"
    "memorysetup-profiler-bucket-allocator-bucket-count=8"
    "memorysetup-profiler-bucket-allocator-block-size=33554432"
    "memorysetup-profiler-bucket-allocator-block-count=8"
    "memorysetup-profiler-allocator-block-size=16777216"
    "memorysetup-profiler-editor-allocator-block-size=1048576"
    "memorysetup-temp-allocator-size-main=16777216"
    "memorysetup-job-temp-allocator-block-size=2097152"
    "memorysetup-job-temp-allocator-block-size-background=1048576"
    "memorysetup-job-temp-allocator-reduction-small-platforms=262144"
    "memorysetup-allocator-temp-initial-block-size-main=262144"
    "memorysetup-allocator-temp-initial-block-size-worker=262144"
    "memorysetup-temp-allocator-size-background-worker=32768"
    "memorysetup-temp-allocator-size-job-worker=262144"
    "memorysetup-temp-allocator-size-preload-manager=33554432"
    "memorysetup-temp-allocator-size-nav-mesh-worker=65536"
    "memorysetup-temp-allocator-size-audio-worker=65536"
    "memorysetup-temp-allocator-size-cloud-worker=32768"
    "memorysetup-temp-allocator-size-gi-baking-worker=262144"
    "memorysetup-temp-allocator-size-gfx=262144"
Player connection [33928] Host "[IP] 192.168.50.16 [Port] 0 [Flags] 2 [Guid] 1877251188 [EditorId] 1877251188 [Version] 1048832 [Id] WindowsEditor(7,DESKTOP-HRH5M72) [Debug] 1 [PackageName] WindowsEditor [ProjectName] Editor" joined multi-casting on [225.0.0.222:54997]...

Player connection [33928] Host "[IP] 192.168.50.16 [Port] 0 [Flags] 2 [Guid] 1877251188 [EditorId] 1877251188 [Version] 1048832 [Id] WindowsEditor(7,DESKTOP-HRH5M72) [Debug] 1 [PackageName] WindowsEditor [ProjectName] Editor" joined alternative multi-casting on [225.0.0.222:34997]...

[Physics::Module] Initialized MultithreadedJobDispatcher with 23 workers.
Refreshing native plugins compatible for Editor in 3.56 ms, found 3 plugins.
Preloading 0 native plugins for Editor in 0.00 ms.
Initialize engine version: 2022.3.15f1 (b58023a2b463)
[Subsystems] Discovering subsystems at path C:/Program Files/Unity/Hub/Editor/2022.3.15f1/Editor/Data/Resources/UnitySubsystems
[Subsystems] Discovering subsystems at path E:/Git_projects/TwistGame/Assets
GfxDevice: creating device client; threaded=0; jobified=0
Direct3D:
    Version:  Direct3D 11.0 [level 11.1]
    Renderer: NVIDIA GeForce RTX 4070 (ID=0x2786)
    Vendor:   NVIDIA
    VRAM:     12012 MB
    Driver:   31.0.15.5222
Initialize mono
Mono path[0] = 'C:/Program Files/Unity/Hub/Editor/2022.3.15f1/Editor/Data/Managed'
Mono path[1] = 'C:/Program Files/Unity/Hub/Editor/2022.3.15f1/Editor/Data/MonoBleedingEdge/lib/mono/unityjit-win32'
Mono config path = 'C:/Program Files/Unity/Hub/Editor/2022.3.15f1/Editor/Data/MonoBleedingEdge/etc'
Using monoOptions --debugger-agent=transport=dt_socket,embedding=1,server=y,suspend=n,address=127.0.0.1:56436
Begin MonoManager ReloadAssembly
Registering precompiled unity dll's ...
Register platform support module: C:/Program Files/Unity/Hub/Editor/2022.3.15f1/Editor/Data/PlaybackEngines/AndroidPlayer/UnityEditor.Android.Extensions.dll
Register platform support module: C:/Program Files/Unity/Hub/Editor/2022.3.15f1/Editor/Data/PlaybackEngines/iOSSupport/UnityEditor.iOS.Extensions.dll
Register platform support module: C:/Program Files/Unity/Hub/Editor/2022.3.15f1/Editor/Data/PlaybackEngines/WindowsStandaloneSupport/UnityEditor.WindowsStandalone.Extensions.dll
Registered in 0.004719 seconds.
- Loaded All Assemblies, in  0.262 seconds
Native extension for WindowsStandalone target not found
[usbmuxd] Start listen thread
[usbmuxd] Listen thread started
Native extension for iOS target not found
Native extension for Android target not found
Android Extension - Scanning For ADB Devices 1018 ms
Mono: successfully reloaded assembly
- Finished resetting the current domain, in  1.234 seconds
Domain Reload Profiling: 1495ms
	BeginReloadAssembly (84ms)
		ExecutionOrderSort (0ms)
		DisableScriptedObjects (0ms)
		BackupInstance (0ms)
		ReleaseScriptingObjects (0ms)
		CreateAndSetChildDomain (0ms)
	RebuildCommonClasses (25ms)
	RebuildNativeTypeToScriptingClass (7ms)
	initialDomainReloadingComplete (39ms)
	LoadAllAssembliesAndSetupDomain (106ms)
		LoadAssemblies (84ms)
		RebuildTransferFunctionScriptingTraits (0ms)
		AnalyzeDomain (104ms)
			TypeCache.Refresh (103ms)
				TypeCache.ScanAssembly (92ms)
			ScanForSourceGeneratedMonoScriptInfo (0ms)
			ResolveRequiredComponents (0ms)
	FinalizeReload (1234ms)
		ReleaseScriptCaches (0ms)
		RebuildScriptCaches (0ms)
		SetupLoadedEditorAssemblies (1199ms)
			LogAssemblyErrors (0ms)
			InitializePlatformSupportModulesInManaged (1099ms)
			SetLoadedEditorAssemblies (2ms)
			RefreshPlugins (0ms)
			BeforeProcessingInitializeOnLoad (1ms)
			ProcessInitializeOnLoadAttributes (69ms)
			ProcessInitializeOnLoadMethodAttributes (28ms)
			AfterProcessingInitializeOnLoad (0ms)
			EditorAssembliesLoaded (0ms)
		ExecutionOrderSort2 (0ms)
		AwakeInstancesAfterBackupRestoration (0ms)
========================================================================
Worker process is ready to serve import requests
Begin MonoManager ReloadAssembly
- Loaded All Assemblies, in  0.507 seconds
Refreshing native plugins compatible for Editor in 1.21 ms, found 3 plugins.
Native extension for WindowsStandalone target not found
Native extension for iOS target not found
Native extension for Android target not found
Package Manager log level set to [2]
[Package Manager] Server::EnsureServerProcessIsRunning -- launch failed, reason: Unity was launched with the -noUpm command-line argument
[Package Manager] UpmClient::Send -- Unable to send message (not connected to UPM process).
[Package Manager] Cannot connect to Unity Package Manager local server
Mono: successfully reloaded assembly
- Finished resetting the current domain, in  0.467 seconds
Domain Reload Profiling: 973ms
	BeginReloadAssembly (101ms)
		ExecutionOrderSort (0ms)
		DisableScriptedObjects (3ms)
		BackupInstance (0ms)
		ReleaseScriptingObjects (0ms)
		CreateAndSetChildDomain (12ms)
	RebuildCommonClasses (23ms)
	RebuildNativeTypeToScriptingClass (6ms)
	initialDomainReloadingComplete (27ms)
	LoadAllAssembliesAndSetupDomain (347ms)
		LoadAssemblies (238ms)
		RebuildTransferFunctionScriptingTraits (0ms)
		AnalyzeDomain (166ms)
			TypeCache.Refresh (140ms)
				TypeCache.ScanAssembly (127ms)
			ScanForSourceGeneratedMonoScriptInfo (18ms)
			ResolveRequiredComponents (6ms)
	FinalizeReload (467ms)
		ReleaseScriptCaches (0ms)
		RebuildScriptCaches (0ms)
		SetupLoadedEditorAssemblies (348ms)
			LogAssemblyErrors (0ms)
			InitializePlatformSupportModulesInManaged (21ms)
			SetLoadedEditorAssemblies (2ms)
			RefreshPlugins (0ms)
			BeforeProcessingInitializeOnLoad (43ms)
			ProcessInitializeOnLoadAttributes (235ms)
			ProcessInitializeOnLoadMethodAttributes (44ms)
			AfterProcessingInitializeOnLoad (3ms)
			EditorAssembliesLoaded (0ms)
		ExecutionOrderSort2 (0ms)
		AwakeInstancesAfterBackupRestoration (3ms)
Launched and connected shader compiler UnityShaderCompiler.exe after 0.03 seconds
Refreshing native plugins compatible for Editor in 2.17 ms, found 3 plugins.
Preloading 0 native plugins for Editor in 0.00 ms.
Unloading 5577 Unused Serialized files (Serialized files now loaded: 0)
Unloading 88 unused Assets / (423.8 KB). Loaded Objects now: 6037.
Memory consumption went from 222.7 MB to 222.3 MB.
Total: 2.623100 ms (FindLiveObjects: 0.285500 ms CreateObjectMapping: 0.119600 ms MarkObjects: 2.066700 ms  DeleteObjects: 0.150700 ms)

AssetImportParameters requested are different than current active one (requested -> active):
  custom:container-demuxer-ogg: 62fdf1f143b41e24485cea50d1cbac27 -> 
  custom:video-decoder-ogg-theora: a1e56fd34408186e4bbccfd4996cb3dc -> 
  custom:framework-win-MediaFoundation: 216162199b28c13a410421893ffa2e32 -> 
  custom:CustomObjectIndexerAttribute: 4d1d7186bcbbfe361de5f0ad951e585c -> 
  custom:container-demuxer-webm: 4f35f7cbe854078d1ac9338744f61a02 -> 
  custom:container-muxer-webm: aa71ff27fc2769a1b78a27578f13a17b -> 
  custom:video-decoder-webm-vp8: 9c59270c3fd7afecdb556c50c9e8de78 -> 
  custom:SearchIndexIgnoredProperties: e643bd26f0fe6173181afceb89e7c659 -> 
  custom:AudioImporter_EditorPlatform: d09bf68614088b80899f8185d706f6e7 -> 
  custom:video-encoder-webm-vp8: eb34c28f22e8b96e1ab97ce403110664 -> 
  custom:audio-decoder-ogg-vorbis: bf7c407c2cedff20999df2af8eb42d56 -> 
  custom:audio-encoder-webm-vorbis: bf7c407c2cedff20999df2af8eb42d56 -> 
========================================================================
Received Import Request.
  Time since last request: 4018.359832 seconds.
  path: Assets/!TwistGame/Texture/Blink/Art/Textures/StylizedForestTextures/Grass_Mud/Grass_Mud_Normal.png
  artifactKey: Guid(b217965dc434d8046b635d1832ec490f) Importer(815301076,1909f56bfc062723c751e8b465ee728b)
Start importing Assets/!TwistGame/Texture/Blink/Art/Textures/StylizedForestTextures/Grass_Mud/Grass_Mud_Normal.png using Guid(b217965dc434d8046b635d1832ec490f) Importer(815301076,1909f56bfc062723c751e8b465ee728b)  -> (artifact id: '83e40a72fe86e5cff08009206258fcf2') in 0.072562 seconds
Number of updated asset objects reloaded before import = 0
Number of asset objects unloaded after import = 2
========================================================================
Received Import Request.
  Time since last request: 0.000017 seconds.
  path: Assets/Joystick Pack/Sprites/Handles/Handle_Ridged.png
  artifactKey: Guid(3a74f678ee8f3bd49aacf3de1ae4bcaa) Importer(815301076,1909f56bfc062723c751e8b465ee728b)
Start importing Assets/Joystick Pack/Sprites/Handles/Handle_Ridged.png using Guid(3a74f678ee8f3bd49aacf3de1ae4bcaa) Importer(815301076,1909f56bfc062723c751e8b465ee728b)  -> (artifact id: '8ae412325edc9884e142fcb6d2db3c18') in 0.025556 seconds
Number of updated asset objects reloaded before import = 0
Number of asset objects unloaded after import = 3
========================================================================
Received Import Request.
  Time since last request: 0.000016 seconds.
  path: Assets/!TwistGame/Texture/Blink/Art/Textures/StylizedIceTextures/Ice_3/Ice_3_Roughness.png
  artifactKey: Guid(f42ab3c4d06bba743a46899b6db2b897) Importer(815301076,1909f56bfc062723c751e8b465ee728b)
Start importing Assets/!TwistGame/Texture/Blink/Art/Textures/StylizedIceTextures/Ice_3/Ice_3_Roughness.png using Guid(f42ab3c4d06bba743a46899b6db2b897) Importer(815301076,1909f56bfc062723c751e8b465ee728b)  -> (artifact id: '6875ed9d5e16c36b5cf4a07d5c237f90') in 0.028588 seconds
Number of updated asset objects reloaded before import = 0
Number of asset objects unloaded after import = 2
========================================================================
Received Import Request.
  Time since last request: 0.000010 seconds.
  path: Assets/!TwistGame/Texture/Blink/Art/Textures/StylizedIceTextures/Ice_3/Ice_3_Normal.png
  artifactKey: Guid(272e838147e3c7846a028d58eb7a2edb) Importer(815301076,1909f56bfc062723c751e8b465ee728b)
Start importing Assets/!TwistGame/Texture/Blink/Art/Textures/StylizedIceTextures/Ice_3/Ice_3_Normal.png using Guid(272e838147e3c7846a028d58eb7a2edb) Importer(815301076,1909f56bfc062723c751e8b465ee728b)  -> (artifact id: '2e920872e11bd6f6f792a3abfe989b7d') in 0.026857 seconds
Number of updated asset objects reloaded before import = 0
Number of asset objects unloaded after import = 2
========================================================================
Received Import Request.
  Time since last request: 0.000028 seconds.
  path: Assets/!TwistGame/Texture/Blink/Art/Textures/StylizedDesertTextures/Rocks_1_Sand_3/Rocks_1_Sand_3_Roughness.png
  artifactKey: Guid(b288bd1ea5f52d0449434b7ddea40cf2) Importer(815301076,1909f56bfc062723c751e8b465ee728b)
Start importing Assets/!TwistGame/Texture/Blink/Art/Textures/StylizedDesertTextures/Rocks_1_Sand_3/Rocks_1_Sand_3_Roughness.png using Guid(b288bd1ea5f52d0449434b7ddea40cf2) Importer(815301076,1909f56bfc062723c751e8b465ee728b)  -> (artifact id: '46bacef24182f220bd90719660600dc4') in 0.016238 seconds
Number of updated asset objects reloaded before import = 0
Number of asset objects unloaded after import = 2
========================================================================
Received Import Request.
  Time since last request: 0.000010 seconds.
  path: Assets/!TwistGame/Texture/Blink/Art/Textures/StylizedIceTextures/Snow_4/Snow_4_AmbientOcclusion.png
  artifactKey: Guid(aa947cc916ecaa14ea899b1352d57a83) Importer(815301076,1909f56bfc062723c751e8b465ee728b)
Start importing Assets/!TwistGame/Texture/Blink/Art/Textures/StylizedIceTextures/Snow_4/Snow_4_AmbientOcclusion.png using Guid(aa947cc916ecaa14ea899b1352d57a83) Importer(815301076,1909f56bfc062723c751e8b465ee728b)  -> (artifact id: '6f927e411bf408d36286e1304b62fe37') in 0.008546 seconds
Number of updated asset objects reloaded before import = 0
Number of asset objects unloaded after import = 2
========================================================================
Received Import Request.
  Time since last request: 0.000010 seconds.
  path: Assets/!TwistGame/Texture/Blink/Art/Textures/StylizedIceTextures/Snow_4/Snow_4_Normal.png
  artifactKey: Guid(25e8404e9d20aee479318ba8737bee01) Importer(815301076,1909f56bfc062723c751e8b465ee728b)
Start importing Assets/!TwistGame/Texture/Blink/Art/Textures/StylizedIceTextures/Snow_4/Snow_4_Normal.png using Guid(25e8404e9d20aee479318ba8737bee01) Importer(815301076,1909f56bfc062723c751e8b465ee728b)  -> (artifact id: '90764f1377ea4b28faabb35957926639') in 0.010388 seconds
Number of updated asset objects reloaded before import = 0
Number of asset objects unloaded after import = 2
========================================================================
Received Import Request.
  Time since last request: 0.000011 seconds.
  path: Assets/Joystick Pack/Sprites/Vertical Backgrounds/Vertical_Ridged_Arrows.png
  artifactKey: Guid(9332cf0d233636a40a024382720294a3) Importer(815301076,1909f56bfc062723c751e8b465ee728b)
Start importing Assets/Joystick Pack/Sprites/Vertical Backgrounds/Vertical_Ridged_Arrows.png using Guid(9332cf0d233636a40a024382720294a3) Importer(815301076,1909f56bfc062723c751e8b465ee728b)  -> (artifact id: 'd84e976b5f4b2d3c6d75ab38c914990e') in 0.062441 seconds
Number of updated asset objects reloaded before import = 0
Number of asset objects unloaded after import = 3
========================================================================
Received Import Request.
  Time since last request: 0.000011 seconds.
  path: Assets/!TwistGame/Models/weapons/the-super-bubbler/textures/MiniProps_Roughness.png
  artifactKey: Guid(811dd95cca84168499cc4b3238d20dbf) Importer(815301076,1909f56bfc062723c751e8b465ee728b)
Start importing Assets/!TwistGame/Models/weapons/the-super-bubbler/textures/MiniProps_Roughness.png using Guid(811dd95cca84168499cc4b3238d20dbf) Importer(815301076,1909f56bfc062723c751e8b465ee728b)  -> (artifact id: '5e1d368033b2335e5e8c09461e9c44f4') in 0.021669 seconds
Number of updated asset objects reloaded before import = 0
Number of asset objects unloaded after import = 2
========================================================================
Received Import Request.
  Time since last request: 0.000009 seconds.
  path: Assets/Joystick Pack/Sprites/Vertical Backgrounds/Vertical_Plain_Arrows.png
  artifactKey: Guid(3bf6d9f920f7458448a390f80318ebe6) Importer(815301076,1909f56bfc062723c751e8b465ee728b)
Start importing Assets/Joystick Pack/Sprites/Vertical Backgrounds/Vertical_Plain_Arrows.png using Guid(3bf6d9f920f7458448a390f80318ebe6) Importer(815301076,1909f56bfc062723c751e8b465ee728b)  -> (artifact id: 'f6c358e68f1cb2a4006ca846855f6400') in 0.096533 seconds
Number of updated asset objects reloaded before import = 0
Number of asset objects unloaded after import = 3
========================================================================
Received Import Request.
  Time since last request: 0.000011 seconds.
  path: Assets/Joystick Pack/Sprites/Horizontal Backgrounds/Horizontal_Outline_Arrows.png
  artifactKey: Guid(7927b9032dc11e841af3f9a1353d7ecd) Importer(815301076,1909f56bfc062723c751e8b465ee728b)
Start importing Assets/Joystick Pack/Sprites/Horizontal Backgrounds/Horizontal_Outline_Arrows.png using Guid(7927b9032dc11e841af3f9a1353d7ecd) Importer(815301076,1909f56bfc062723c751e8b465ee728b)  -> (artifact id: '61f8c6f778ec5d61880db3c01551a744') in 0.019709 seconds
Number of updated asset objects reloaded before import = 0
Number of asset objects unloaded after import = 3
========================================================================
Received Import Request.
  Time since last request: 0.000017 seconds.
  path: Assets/!TwistGame/Texture/Blink/Art/Textures/StylizedDesertTextures/Rocks_1_Sand_3/Rocks_1_Sand_3_Height.png
  artifactKey: Guid(4d09fee64dc0ae14d9a1c435d0535aed) Importer(815301076,1909f56bfc062723c751e8b465ee728b)
Start importing Assets/!TwistGame/Texture/Blink/Art/Textures/StylizedDesertTextures/Rocks_1_Sand_3/Rocks_1_Sand_3_Height.png using Guid(4d09fee64dc0ae14d9a1c435d0535aed) Importer(815301076,1909f56bfc062723c751e8b465ee728b)  -> (artifact id: '8d5aa8816532543c47ad525c428e219c') in 0.015854 seconds
Number of updated asset objects reloaded before import = 0
Number of asset objects unloaded after import = 2
========================================================================
Received Import Request.
  Time since last request: 0.000010 seconds.
  path: Assets/!TwistGame/Texture/Blink/Art/Textures/StylizedDesertTextures/Sand_1/Sand_1_Normal.png
  artifactKey: Guid(302ddbefe653e71408c2c43abfb75d3c) Importer(815301076,1909f56bfc062723c751e8b465ee728b)
Start importing Assets/!TwistGame/Texture/Blink/Art/Textures/StylizedDesertTextures/Sand_1/Sand_1_Normal.png using Guid(302ddbefe653e71408c2c43abfb75d3c) Importer(815301076,1909f56bfc062723c751e8b465ee728b)  -> (artifact id: '166abd582b42598d3d2acbfe89180f7d') in 0.025676 seconds
Number of updated asset objects reloaded before import = 0
Number of asset objects unloaded after import = 2
========================================================================
Received Import Request.
  Time since last request: 0.000009 seconds.
  path: Assets/Joystick Pack/Sprites/Horizontal Backgrounds/Horizontal_Ridged.png
  artifactKey: Guid(6304ad603f150b649b764d29bbc2a87b) Importer(815301076,1909f56bfc062723c751e8b465ee728b)
Start importing Assets/Joystick Pack/Sprites/Horizontal Backgrounds/Horizontal_Ridged.png using Guid(6304ad603f150b649b764d29bbc2a87b) Importer(815301076,1909f56bfc062723c751e8b465ee728b)  -> (artifact id: 'af4469c79ed52c3d0333aab48f9175c3') in 0.016561 seconds
Number of updated asset objects reloaded before import = 0
Number of asset objects unloaded after import = 3
========================================================================
Received Import Request.
  Time since last request: 0.000010 seconds.
  path: Assets/!TwistGame/Texture/Blink/Art/Textures/StylizedDesertTextures/Sand_1/Sand_1_Height.png
  artifactKey: Guid(ab1f68fd9b74d874fa4bdc139b42b540) Importer(815301076,1909f56bfc062723c751e8b465ee728b)
Start importing Assets/!TwistGame/Texture/Blink/Art/Textures/StylizedDesertTextures/Sand_1/Sand_1_Height.png using Guid(ab1f68fd9b74d874fa4bdc139b42b540) Importer(815301076,1909f56bfc062723c751e8b465ee728b)  -> (artifact id: '9eb6a9d4ca97c0b036708fcd06a22c1a') in 0.016394 seconds
Number of updated asset objects reloaded before import = 0
Number of asset objects unloaded after import = 2
========================================================================
Received Import Request.
  Time since last request: 0.000010 seconds.
  path: Assets/TutorialInfo/Icons/URP.png
  artifactKey: Guid(727a75301c3d24613a3ebcec4a24c2c8) Importer(815301076,1909f56bfc062723c751e8b465ee728b)
Start importing Assets/TutorialInfo/Icons/URP.png using Guid(727a75301c3d24613a3ebcec4a24c2c8) Importer(815301076,1909f56bfc062723c751e8b465ee728b)  -> (artifact id: '1f0639727a328a4f66bae2c4d5d4f85a') in 0.010026 seconds
Number of updated asset objects reloaded before import = 0
Number of asset objects unloaded after import = 2
========================================================================
Received Import Request.
  Time since last request: 0.000010 seconds.
  path: Assets/Joystick Pack/Sprites/Horizontal Backgrounds/Horizontal_Outline.png
  artifactKey: Guid(cd0a2c1b2c014ba4c80c1df786e150e9) Importer(815301076,1909f56bfc062723c751e8b465ee728b)
Start importing Assets/Joystick Pack/Sprites/Horizontal Backgrounds/Horizontal_Outline.png using Guid(cd0a2c1b2c014ba4c80c1df786e150e9) Importer(815301076,1909f56bfc062723c751e8b465ee728b)  -> (artifact id: '2a22ef0817ae0d645b00fc0702be19e5') in 0.011149 seconds
Number of updated asset objects reloaded before import = 0
Number of asset objects unloaded after import = 3
========================================================================
Received Import Request.
  Time since last request: 0.000009 seconds.
  path: Assets/!TwistGame/Texture/Blink/Art/Textures/StylizedLavaTextures/Rock_Ground_Cliff_1/Rock_Ground_Cliff_1_Roughness.png
  artifactKey: Guid(f386abe775e9a57459e8aeba11ad0fe8) Importer(815301076,1909f56bfc062723c751e8b465ee728b)
Start importing Assets/!TwistGame/Texture/Blink/Art/Textures/StylizedLavaTextures/Rock_Ground_Cliff_1/Rock_Ground_Cliff_1_Roughness.png using Guid(f386abe775e9a57459e8aeba11ad0fe8) Importer(815301076,1909f56bfc062723c751e8b465ee728b)  -> (artifact id: 'f0790197bf12262fe99e5bc7b247bbb7') in 0.017650 seconds
Number of updated asset objects reloaded before import = 0
Number of asset objects unloaded after import = 2
========================================================================
Received Import Request.
  Time since last request: 0.000010 seconds.
  path: Assets/Joystick Pack/Sprites/Handles/Handle_Plain_Arrows.png
  artifactKey: Guid(f353d42d1db27ff42b78b28efd86b316) Importer(815301076,1909f56bfc062723c751e8b465ee728b)
Start importing Assets/Joystick Pack/Sprites/Handles/Handle_Plain_Arrows.png using Guid(f353d42d1db27ff42b78b28efd86b316) Importer(815301076,1909f56bfc062723c751e8b465ee728b)  -> (artifact id: 'acacb1aea8f9d94153d11e169030534f') in 0.013129 seconds
Number of updated asset objects reloaded before import = 0
Number of asset objects unloaded after import = 3
========================================================================
Received Import Request.
  Time since last request: 0.000009 seconds.
  path: Assets/Joystick Pack/Sprites/Vertical Backgrounds/Vertical_Outline_Arrows.png
  artifactKey: Guid(c615706690ca87043ad593475e6db7ec) Importer(815301076,1909f56bfc062723c751e8b465ee728b)
Start importing Assets/Joystick Pack/Sprites/Vertical Backgrounds/Vertical_Outline_Arrows.png using Guid(c615706690ca87043ad593475e6db7ec) Importer(815301076,1909f56bfc062723c751e8b465ee728b)  -> (artifact id: '4ea0dbb19496f76a2fbef0b41eb53cbd') in 0.012362 seconds
Number of updated asset objects reloaded before import = 0
Number of asset objects unloaded after import = 3
========================================================================
Received Import Request.
  Time since last request: 0.000010 seconds.
  path: Assets/!TwistGame/Texture/Blink/Art/Textures/StylizedDesertTextures/Rocks_1_Sand_3/Rocks_1_Sand_3_AmbientOcclusion.png
  artifactKey: Guid(aa9d3601a6bd8354190cf1f4611111d0) Importer(815301076,1909f56bfc062723c751e8b465ee728b)
Start importing Assets/!TwistGame/Texture/Blink/Art/Textures/StylizedDesertTextures/Rocks_1_Sand_3/Rocks_1_Sand_3_AmbientOcclusion.png using Guid(aa9d3601a6bd8354190cf1f4611111d0) Importer(815301076,1909f56bfc062723c751e8b465ee728b)  -> (artifact id: '53cb10b9b6d846d8d47121b549366fbd') in 0.015865 seconds
Number of updated asset objects reloaded before import = 0
Number of asset objects unloaded after import = 2
========================================================================
Received Import Request.
  Time since last request: 0.000014 seconds.
  path: Assets/!TwistGame/Texture/Blink/Art/Textures/StylizedDesertTextures/Rocks_1_Sand_3/Rocks_1_Sand_3_Normal.png
  artifactKey: Guid(1c11fe45eb4c5574aa39c02bd15b24d0) Importer(815301076,1909f56bfc062723c751e8b465ee728b)
Start importing Assets/!TwistGame/Texture/Blink/Art/Textures/StylizedDesertTextures/Rocks_1_Sand_3/Rocks_1_Sand_3_Normal.png using Guid(1c11fe45eb4c5574aa39c02bd15b24d0) Importer(815301076,1909f56bfc062723c751e8b465ee728b)  -> (artifact id: 'a06bfbe39c5f11c4ed013eb94ebbad13') in 0.023413 seconds
Number of updated asset objects reloaded before import = 0
Number of asset objects unloaded after import = 2
========================================================================
Received Import Request.
  Time since last request: 0.000016 seconds.
  path: Assets/!TwistGame/Texture/Blink/Art/Textures/StylizedIceTextures/Ice_3/Ice_3_BaseColor.png
  artifactKey: Guid(31304de642609274a83c36feb4e2d11f) Importer(815301076,1909f56bfc062723c751e8b465ee728b)
Start importing Assets/!TwistGame/Texture/Blink/Art/Textures/StylizedIceTextures/Ice_3/Ice_3_BaseColor.png using Guid(31304de642609274a83c36feb4e2d11f) Importer(815301076,1909f56bfc062723c751e8b465ee728b)  -> (artifact id: 'f7837a76f22b44884175cef970f1eec1') in 0.016576 seconds
Number of updated asset objects reloaded before import = 0
Number of asset objects unloaded after import = 2
========================================================================
Received Import Request.
  Time since last request: 1.070169 seconds.
  path: Assets/!TwistGame/Texture/Blink/Art/Textures/StylizedLavaTextures/Dry_Lava/Dry_Lava_Height.png
  artifactKey: Guid(380f7833db0c20741a96b9b56cf2d1e8) Importer(815301076,1909f56bfc062723c751e8b465ee728b)
Start importing Assets/!TwistGame/Texture/Blink/Art/Textures/StylizedLavaTextures/Dry_Lava/Dry_Lava_Height.png using Guid(380f7833db0c20741a96b9b56cf2d1e8) Importer(815301076,1909f56bfc062723c751e8b465ee728b)  -> (artifact id: '65431629d800390c5d2e6b43d9603be5') in 0.016962 seconds
Number of updated asset objects reloaded before import = 0
Number of asset objects unloaded after import = 2
========================================================================
Received Import Request.
  Time since last request: 0.000009 seconds.
  path: Assets/!TwistGame/Texture/Blink/Art/Textures/StylizedForestTextures/Grass_Mud/Grass_Mud_Ambientocclusion.png
  artifactKey: Guid(c4835cf16d7f572499c6cff86001ec3c) Importer(815301076,1909f56bfc062723c751e8b465ee728b)
Start importing Assets/!TwistGame/Texture/Blink/Art/Textures/StylizedForestTextures/Grass_Mud/Grass_Mud_Ambientocclusion.png using Guid(c4835cf16d7f572499c6cff86001ec3c) Importer(815301076,1909f56bfc062723c751e8b465ee728b)  -> (artifact id: 'fa88c7bb6a957df9f03e375de811ec0c') in 0.020057 seconds
Number of updated asset objects reloaded before import = 0
Number of asset objects unloaded after import = 2
========================================================================
Received Import Request.
  Time since last request: 0.000010 seconds.
  path: Assets/!TwistGame/Models/weapons/the-super-bubbler/textures/Bubble_MESH_Lo_MainBubbler_Metallic.png
  artifactKey: Guid(f9611d076f4dcae45956dfc38f0b35c4) Importer(815301076,1909f56bfc062723c751e8b465ee728b)
Start importing Assets/!TwistGame/Models/weapons/the-super-bubbler/textures/Bubble_MESH_Lo_MainBubbler_Metallic.png using Guid(f9611d076f4dcae45956dfc38f0b35c4) Importer(815301076,1909f56bfc062723c751e8b465ee728b)  -> (artifact id: '64896248602263c12708ce62db9e33d2') in 0.011194 seconds
Number of updated asset objects reloaded before import = 0
Number of asset objects unloaded after import = 2
========================================================================
Received Import Request.
  Time since last request: 0.000010 seconds.
  path: Assets/!TwistGame/Texture/Blink/Art/Textures/StylizedForestTextures/Cliff_3/Cliff_3_Normal.png
  artifactKey: Guid(f7627922db039884e849d99b8aaf3e92) Importer(815301076,1909f56bfc062723c751e8b465ee728b)
Start importing Assets/!TwistGame/Texture/Blink/Art/Textures/StylizedForestTextures/Cliff_3/Cliff_3_Normal.png using Guid(f7627922db039884e849d99b8aaf3e92) Importer(815301076,1909f56bfc062723c751e8b465ee728b)  -> (artifact id: '7f93e5c9b4efd7545c4710dec86d3f08') in 0.055039 seconds
Number of updated asset objects reloaded before import = 0
Number of asset objects unloaded after import = 2
========================================================================
Received Import Request.
  Time since last request: 0.000041 seconds.
  path: Assets/Joystick Pack/Sprites/All Axis Backgrounds/AllAxis_Outline.png
  artifactKey: Guid(5b56d9fa0e8bd6e409ed188db38a692c) Importer(815301076,1909f56bfc062723c751e8b465ee728b)
Start importing Assets/Joystick Pack/Sprites/All Axis Backgrounds/AllAxis_Outline.png using Guid(5b56d9fa0e8bd6e409ed188db38a692c) Importer(815301076,1909f56bfc062723c751e8b465ee728b)  -> (artifact id: '891674af355c4266c819e4c161e4f6df') in 0.012880 seconds
Number of updated asset objects reloaded before import = 0
Number of asset objects unloaded after import = 3
========================================================================
Received Import Request.
  Time since last request: 0.000015 seconds.
  path: Assets/!TwistGame/Texture/Blink/Art/Textures/StylizedForestTextures/Cliff_3/Cliff_3_BaseColor.png
  artifactKey: Guid(91e362541b37fe947a8296386e22344f) Importer(815301076,1909f56bfc062723c751e8b465ee728b)
Start importing Assets/!TwistGame/Texture/Blink/Art/Textures/StylizedForestTextures/Cliff_3/Cliff_3_BaseColor.png using Guid(91e362541b37fe947a8296386e22344f) Importer(815301076,1909f56bfc062723c751e8b465ee728b)  -> (artifact id: 'de83ec68c071ae0fe1df34b65402022d') in 0.022388 seconds
Number of updated asset objects reloaded before import = 0
Number of asset objects unloaded after import = 2
========================================================================
Received Import Request.
  Time since last request: 0.000016 seconds.
  path: Assets/Joystick Pack/Sprites/All Axis Backgrounds/AllAxis_Plain.png
  artifactKey: Guid(84487d73ca4b791498332d8f6858417f) Importer(815301076,1909f56bfc062723c751e8b465ee728b)
Start importing Assets/Joystick Pack/Sprites/All Axis Backgrounds/AllAxis_Plain.png using Guid(84487d73ca4b791498332d8f6858417f) Importer(815301076,1909f56bfc062723c751e8b465ee728b)  -> (artifact id: 'af06b74b7236961642d3342753ae56b6') in 0.017910 seconds
Number of updated asset objects reloaded before import = 0
Number of asset objects unloaded after import = 3
========================================================================
Received Import Request.
  Time since last request: 0.000011 seconds.
  path: Assets/Joystick Pack/Sprites/All Axis Backgrounds/AllAxis_Plain_Arrows.png
  artifactKey: Guid(2a1f3cba20f3e11498474a705db12fde) Importer(815301076,1909f56bfc062723c751e8b465ee728b)
Start importing Assets/Joystick Pack/Sprites/All Axis Backgrounds/AllAxis_Plain_Arrows.png using Guid(2a1f3cba20f3e11498474a705db12fde) Importer(815301076,1909f56bfc062723c751e8b465ee728b)  -> (artifact id: 'ec4447430c862d8158f2461151e1dca7') in 0.013334 seconds
Number of updated asset objects reloaded before import = 0
Number of asset objects unloaded after import = 3
========================================================================
Received Import Request.
  Time since last request: 0.000011 seconds.
  path: Assets/Joystick Pack/Sprites/All Axis Backgrounds/AllAxis_Outline_Arrows.png
  artifactKey: Guid(48c0d4d6bebaa934384b07aa1e2f8184) Importer(815301076,1909f56bfc062723c751e8b465ee728b)
Start importing Assets/Joystick Pack/Sprites/All Axis Backgrounds/AllAxis_Outline_Arrows.png using Guid(48c0d4d6bebaa934384b07aa1e2f8184) Importer(815301076,1909f56bfc062723c751e8b465ee728b)  -> (artifact id: '34c3e56578b88c455b8433a3db6c9e1d') in 0.022383 seconds
Number of updated asset objects reloaded before import = 0
Number of asset objects unloaded after import = 3
Editor requested this worker to shutdown with reason: Scaling down because of idle timeout
TcpMessagingSession - receive error: operation aborted. errorcode: 995, details: The I/O operation has been aborted because of either a thread exit or an application request.
AssetImportWorker is now disconnected from the server
Process exiting
Exiting without the bug reporter. Application will terminate with return code 0